<?xml version="1.0" encoding="UTF-8"?>
<Site BuildName="Linux-g++"
	BuildStamp="20231007-0204-Experimental"
	Name="Xubuntu"
	Generator="ctest-3.25.1"
	CompilerName="/usr/bin/g++"
	CompilerVersion="12.3.0"
	OSName="Linux"
	Hostname="Xubuntu"
	OSRelease="6.2.0-34-generic"
	OSVersion="#34-Ubuntu SMP PREEMPT_DYNAMIC Mon Sep  4 13:06:55 UTC 2023"
	OSPlatform="x86_64"
	Is64Bits="1"
	VendorString="AuthenticAMD"
	VendorID="Advanced Micro Devices"
	FamilyID="25"
	ModelID="80"
	ProcessorCacheSize="512"
	NumberOfLogicalCPU="2"
	NumberOfPhysicalCPU="2"
	TotalVirtualMemory="3219"
	TotalPhysicalMemory="3907"
	LogicalProcessorsPerPhysical="1"
	ProcessorClockFrequency="3193.89"
	>
	<Testing>
		<StartDateTime>Oct 06 22:04 EDT</StartDateTime>
		<StartTestTime>1696644277</StartTestTime>
		<TestList/>
		<EndDateTime>Oct 06 22:04 EDT</EndDateTime>
		<EndTestTime>1696644277</EndTestTime>
		<ElapsedMinutes>0</ElapsedMinutes>
	</Testing>
</Site>
