<?xml version="1.0" encoding="UTF-8"?>
<Site BuildName="Linux-g++"
	BuildStamp="20230907-2308-Experimental"
	Name="Xubuntu"
	Generator="ctest-3.25.1"
	CompilerName="/usr/bin/g++"
	CompilerVersion="12.3.0"
	OSName="Linux"
	Hostname="Xubuntu"
	OSRelease="6.2.0-31-generic"
	OSVersion="#31-Ubuntu SMP PREEMPT_DYNAMIC Mon Aug 14 13:42:26 UTC 2023"
	OSPlatform="x86_64"
	Is64Bits="1"
	VendorString="AuthenticAMD"
	VendorID="Advanced Micro Devices"
	FamilyID="25"
	ModelID="80"
	ProcessorCacheSize="512"
	NumberOfLogicalCPU="2"
	NumberOfPhysicalCPU="2"
	TotalVirtualMemory="3219"
	TotalPhysicalMemory="3907"
	LogicalProcessorsPerPhysical="1"
	ProcessorClockFrequency="3193.89"
	>
	<Testing>
		<StartDateTime>Sep 07 19:08 EDT</StartDateTime>
		<StartTestTime>1694128101</StartTestTime>
		<TestList/>
		<EndDateTime>Sep 07 19:08 EDT</EndDateTime>
		<EndTestTime>1694128101</EndTestTime>
		<ElapsedMinutes>0</ElapsedMinutes>
	</Testing>
</Site>
